[debug] [2026-02-17T14:57:47.869Z] ----------------------------------------------------------------------
[debug] [2026-02-17T14:57:47.873Z] Command:       I:\Programs\Nodejs\node.exe C:\Users\ChaHogyeong\AppData\Roaming\npm\node_modules\firebase-tools\lib\bin\firebase.js deploy --only hosting
[debug] [2026-02-17T14:57:47.874Z] CLI Version:   15.6.0
[debug] [2026-02-17T14:57:47.874Z] Platform:      win32
[debug] [2026-02-17T14:57:47.874Z] Node Version:  v22.19.0
[debug] [2026-02-17T14:57:47.874Z] Time:          Tue Feb 17 2026 23:57:47 GMT+0900 (대한민국 표준시)
[debug] [2026-02-17T14:57:47.875Z] ----------------------------------------------------------------------
[debug] 
[debug] [2026-02-17T14:57:50.388Z] > command requires scopes: ["email","openid","https://www.googleapis.com/auth/cloudplatformprojects.readonly","https://www.googleapis.com/auth/firebase","https://www.googleapis.com/auth/cloud-platform"]
[debug] [2026-02-17T14:57:50.389Z] > authorizing via signed-in user (hogeong1a@gmail.com)
[debug] [2026-02-17T14:57:50.389Z] [iam] checking project luckywriting-bbc90 for permissions ["firebase.projects.get","firebasehosting.sites.update"]
[debug] [2026-02-17T14:57:50.391Z] Checked if tokens are valid: true, expires at: 1771343655444
[debug] [2026-02-17T14:57:50.391Z] Checked if tokens are valid: true, expires at: 1771343655444
[debug] [2026-02-17T14:57:50.392Z] >>> [apiv2][query] POST https://cloudresourcemanager.googleapis.com/v1/projects/luckywriting-bbc90:testIamPermissions [none]
[debug] [2026-02-17T14:57:50.392Z] >>> [apiv2][(partial)header] POST https://cloudresourcemanager.googleapis.com/v1/projects/luckywriting-bbc90:testIamPermissions  x-goog-user-project=luckywriting-bbc90
[debug] [2026-02-17T14:57:50.392Z] >>> [apiv2][body] POST https://cloudresourcemanager.googleapis.com/v1/projects/luckywriting-bbc90:testIamPermissions {"permissions":["firebase.projects.get","firebasehosting.sites.update"]}
[debug] [2026-02-17T14:57:50.671Z] <<< [apiv2][status] POST https://cloudresourcemanager.googleapis.com/v1/projects/luckywriting-bbc90:testIamPermissions 200
[debug] [2026-02-17T14:57:50.671Z] <<< [apiv2][body] POST https://cloudresourcemanager.googleapis.com/v1/projects/luckywriting-bbc90:testIamPermissions {"permissions":["firebase.projects.get","firebasehosting.sites.update"]}
[debug] [2026-02-17T14:57:50.672Z] Checked if tokens are valid: true, expires at: 1771343655444
[debug] [2026-02-17T14:57:50.672Z] Checked if tokens are valid: true, expires at: 1771343655444
[debug] [2026-02-17T14:57:50.672Z] >>> [apiv2][query] GET https://firebase.googleapis.com/v1beta1/projects/luckywriting-bbc90 [none]
[debug] [2026-02-17T14:57:51.125Z] <<< [apiv2][status] GET https://firebase.googleapis.com/v1beta1/projects/luckywriting-bbc90 200
[debug] [2026-02-17T14:57:51.125Z] <<< [apiv2][body] GET https://firebase.googleapis.com/v1beta1/projects/luckywriting-bbc90 {"projectId":"luckywriting-bbc90","projectNumber":"349530064007","displayName":"LuckyWriting","name":"projects/luckywriting-bbc90","resources":{"hostingSite":"luckywriting-bbc90"},"state":"ACTIVE","etag":"1_1c234bf9-f634-4386-90b5-210a2ab12c37"}
[info] 
[info] === Deploying to 'luckywriting-bbc90'...
[info] 
[info] i  deploying hosting 
[debug] [2026-02-17T14:57:51.130Z] Checked if tokens are valid: true, expires at: 1771343655444
[debug] [2026-02-17T14:57:51.131Z] Checked if tokens are valid: true, expires at: 1771343655444
[debug] [2026-02-17T14:57:51.131Z] >>> [apiv2][query] POST https://firebasehosting.googleapis.com/v1beta1/projects/-/sites/luckywriting-bbc90/versions [none]
[debug] [2026-02-17T14:57:51.131Z] >>> [apiv2][body] POST https://firebasehosting.googleapis.com/v1beta1/projects/-/sites/luckywriting-bbc90/versions {"status":"CREATED","labels":{"deployment-tool":"cli-firebase"}}
